2024-10-23 12:42:10 INFO  o.s.s.l.DefaultSpringSecurityContextSource - Configure with URL ldap://localhost:389/dc=test,dc=bpab,dc=internal and root DN dc=test,dc=bpab,dc=internal
2024-10-23 12:42:10 WARN  o.s.s.c.a.a.c.InitializeUserDetailsBeanManagerConfigurer$InitializeUserDetailsManagerConfigurer - Global AuthenticationManager configured with an AuthenticationProvider bean. UserDetailsService beans will not be used for username/password login. Consider removing the AuthenticationProvider bean. Alternatively, consider using the UserDetailsService in a manually instantiated DaoAuthenticationProvider.
2024-10-23 12:42:11 INFO  o.s.s.web.DefaultSecurityFilterChain - Will secure any request with [org.springframework.security.web.session.DisableEncodeUrlFilter@11b5f4e2, org.springframework.security.web.context.request.async.WebAsyncManagerIntegrationFilter@6bcae9, org.springframework.security.web.context.SecurityContextHolderFilter@13866329, org.springframework.security.web.header.HeaderWriterFilter@7f977fba, org.springframework.web.filter.CorsFilter@5aa781f2, org.springframework.security.web.authentication.logout.LogoutFilter@6d293993, com.example.sec.JwtRequestFilter@e280403, org.springframework.security.web.savedrequest.RequestCacheAwareFilter@1a9ec80e, org.springframework.security.web.servletapi.SecurityContextHolderAwareRequestFilter@6e1ae763, org.springframework.security.web.authentication.AnonymousAuthenticationFilter@58feb6b0, org.springframework.security.web.session.SessionManagementFilter@1625789b, org.springframework.security.web.access.ExceptionTranslationFilter@76a7fcbd, org.springframework.security.web.access.intercept.AuthorizationFilter@195113de]
2024-10-23 12:42:11 DEBUG o.s.security.web.FilterChainProxy - Securing POST /authenticate
2024-10-23 12:42:11 DEBUG o.s.s.w.a.AnonymousAuthenticationFilter - Set SecurityContextHolder to anonymous SecurityContext
2024-10-23 12:42:11 DEBUG o.s.s.w.s.SessionManagementFilter - Request requested invalid session id 38331B01F9BBC8616AD2F5D2B0C8E646
2024-10-23 12:42:11 DEBUG o.s.security.web.FilterChainProxy - Secured POST /authenticate
2024-10-23 12:42:11 DEBUG o.s.s.w.a.Http403ForbiddenEntryPoint - Pre-authenticated entry point called. Rejecting access
2024-10-23 12:42:11 DEBUG o.s.security.web.FilterChainProxy - Securing POST /error
2024-10-23 12:42:11 DEBUG o.s.s.w.a.AnonymousAuthenticationFilter - Set SecurityContextHolder to anonymous SecurityContext
2024-10-23 12:42:11 DEBUG o.s.s.w.a.Http403ForbiddenEntryPoint - Pre-authenticated entry point called. Rejecting access
2024-10-23 14:11:32 INFO  o.s.s.l.DefaultSpringSecurityContextSource - Configure with URL ldap://localhost:389/dc=test,dc=bpab,dc=internal and root DN dc=test,dc=bpab,dc=internal
2024-10-23 14:11:32 WARN  o.s.s.c.a.a.c.InitializeUserDetailsBeanManagerConfigurer$InitializeUserDetailsManagerConfigurer - Global AuthenticationManager configured with an AuthenticationProvider bean. UserDetailsService beans will not be used for username/password login. Consider removing the AuthenticationProvider bean. Alternatively, consider using the UserDetailsService in a manually instantiated DaoAuthenticationProvider.
2024-10-23 14:11:32 INFO  o.s.s.web.DefaultSecurityFilterChain - Will secure any request with [org.springframework.security.web.session.DisableEncodeUrlFilter@66d25ba9, org.springframework.security.web.context.request.async.WebAsyncManagerIntegrationFilter@3830f918, org.springframework.security.web.context.SecurityContextHolderFilter@5f6b53ed, org.springframework.security.web.header.HeaderWriterFilter@7f5614f9, org.springframework.web.filter.CorsFilter@5efe47fd, org.springframework.security.web.authentication.logout.LogoutFilter@66e827a8, com.example.sec.JwtRequestFilter@b0fd744, org.springframework.security.web.savedrequest.RequestCacheAwareFilter@4cffd3fd, org.springframework.security.web.servletapi.SecurityContextHolderAwareRequestFilter@457a5b2d, org.springframework.security.web.authentication.AnonymousAuthenticationFilter@739831a4, org.springframework.security.web.session.SessionManagementFilter@2eda2062, org.springframework.security.web.access.ExceptionTranslationFilter@d653e41, org.springframework.security.web.access.intercept.AuthorizationFilter@6bcae9]
2024-10-23 14:11:40 DEBUG o.s.security.web.FilterChainProxy - Securing GET /
2024-10-23 14:11:40 DEBUG o.s.s.w.a.AnonymousAuthenticationFilter - Set SecurityContextHolder to anonymous SecurityContext
2024-10-23 14:11:40 DEBUG o.s.s.w.s.SessionManagementFilter - Request requested invalid session id 852459B1420ECADB277B28DAC3BDAEE0
2024-10-23 14:11:40 DEBUG o.s.s.w.a.Http403ForbiddenEntryPoint - Pre-authenticated entry point called. Rejecting access
2024-10-23 14:11:40 DEBUG o.s.security.web.FilterChainProxy - Securing GET /error
2024-10-23 14:11:40 DEBUG o.s.s.w.a.AnonymousAuthenticationFilter - Set SecurityContextHolder to anonymous SecurityContext
2024-10-23 14:11:40 DEBUG o.s.s.w.a.Http403ForbiddenEntryPoint - Pre-authenticated entry point called. Rejecting access
2024-10-23 14:11:40 DEBUG o.s.security.web.FilterChainProxy - Securing GET /
2024-10-23 14:11:40 DEBUG o.s.s.w.a.AnonymousAuthenticationFilter - Set SecurityContextHolder to anonymous SecurityContext
2024-10-23 14:11:40 DEBUG o.s.s.w.s.SessionManagementFilter - Request requested invalid session id 852459B1420ECADB277B28DAC3BDAEE0
2024-10-23 14:11:40 DEBUG o.s.s.w.a.Http403ForbiddenEntryPoint - Pre-authenticated entry point called. Rejecting access
2024-10-23 14:11:40 DEBUG o.s.security.web.FilterChainProxy - Securing GET /error
2024-10-23 14:11:40 DEBUG o.s.s.w.a.AnonymousAuthenticationFilter - Set SecurityContextHolder to anonymous SecurityContext
2024-10-23 14:11:40 DEBUG o.s.s.w.a.Http403ForbiddenEntryPoint - Pre-authenticated entry point called. Rejecting access
2024-10-23 14:13:52 INFO  o.s.s.l.DefaultSpringSecurityContextSource - Configure with URL ldap://localhost:389/dc=test,dc=bpab,dc=internal and root DN dc=test,dc=bpab,dc=internal
2024-10-23 14:13:52 WARN  o.s.s.c.a.a.c.InitializeUserDetailsBeanManagerConfigurer$InitializeUserDetailsManagerConfigurer - Global AuthenticationManager configured with an AuthenticationProvider bean. UserDetailsService beans will not be used for username/password login. Consider removing the AuthenticationProvider bean. Alternatively, consider using the UserDetailsService in a manually instantiated DaoAuthenticationProvider.
2024-10-23 14:13:53 INFO  o.s.s.web.DefaultSecurityFilterChain - Will secure any request with [org.springframework.security.web.session.DisableEncodeUrlFilter@519c6fcc, org.springframework.security.web.context.request.async.WebAsyncManagerIntegrationFilter@6ad1701a, org.springframework.security.web.context.SecurityContextHolderFilter@7c90b7b7, org.springframework.security.web.header.HeaderWriterFilter@2c719bd4, org.springframework.web.filter.CorsFilter@7ecda95b, org.springframework.security.web.authentication.logout.LogoutFilter@7a2fce12, com.example.sec.JwtRequestFilter@48eb001a, org.springframework.security.web.savedrequest.RequestCacheAwareFilter@3ba1308d, org.springframework.security.web.servletapi.SecurityContextHolderAwareRequestFilter@552cede7, org.springframework.security.web.authentication.AnonymousAuthenticationFilter@22da2fe6, org.springframework.security.web.session.SessionManagementFilter@2047981, org.springframework.security.web.access.ExceptionTranslationFilter@202898d7, org.springframework.security.web.access.intercept.AuthorizationFilter@6d6ac396]
